\BOOKMARK [1][-]{section.1}{What is OpenBDLM ?}{}% 1
\BOOKMARK [1][-]{section.2}{Installing OpenBDLM}{}% 2
\BOOKMARK [2][-]{subsection.2.1}{Prerequisites}{section.2}% 3
\BOOKMARK [2][-]{subsection.2.2}{Installing}{section.2}% 4
\BOOKMARK [1][-]{section.3}{Getting started}{}% 5
\BOOKMARK [2][-]{subsection.3.1}{Call OpenBDLM}{section.3}% 6
\BOOKMARK [2][-]{subsection.3.2}{Demo}{section.3}% 7
\BOOKMARK [1][-]{section.4}{OpenBDLM inputs and outputs}{}% 8
\BOOKMARK [2][-]{subsection.4.1}{Inputs}{section.4}% 9
\BOOKMARK [2][-]{subsection.4.2}{Outputs}{section.4}% 10
\BOOKMARK [3][-]{subsubsection.4.2.1}{data, model, estimation, misc}{subsection.4.2}% 11
\BOOKMARK [3][-]{subsubsection.4.2.2}{DATA\137, CFG\137, PROJ\137 and LOG\137 files}{subsection.4.2}% 12
\BOOKMARK [1][-]{section.5}{OpenBDLM running modes}{}% 13
\BOOKMARK [2][-]{subsection.5.1}{Interactive mode}{section.5}% 14
\BOOKMARK [2][-]{subsection.5.2}{Batch mode}{section.5}% 15
\BOOKMARK [1][-]{section.6}{Configuration file}{}% 16
\BOOKMARK [2][-]{subsection.6.1}{Purpose}{section.6}% 17
\BOOKMARK [3][-]{subsubsection.6.1.1}{Project name}{subsection.6.1}% 18
\BOOKMARK [3][-]{subsubsection.6.1.2}{Data}{subsection.6.1}% 19
\BOOKMARK [3][-]{subsubsection.6.1.3}{Model structure}{subsection.6.1}% 20
\BOOKMARK [3][-]{subsubsection.6.1.4}{Model parameters}{subsection.6.1}% 21
\BOOKMARK [3][-]{subsubsection.6.1.5}{Initial states values}{subsection.6.1}% 22
\BOOKMARK [3][-]{subsubsection.6.1.6}{Options}{subsection.6.1}% 23
\BOOKMARK [1][-]{section.7}{Data loading}{}% 24
\BOOKMARK [2][-]{subsection.7.1}{Input data format}{section.7}% 25
\BOOKMARK [3][-]{subsubsection.7.1.1}{Input data formatting for asynchronous time series}{subsection.7.1}% 26
\BOOKMARK [3][-]{subsubsection.7.1.2}{Input data formatting for synchronous time series}{subsection.7.1}% 27
\BOOKMARK [2][-]{subsection.7.2}{Output data format}{section.7}% 28
\BOOKMARK [2][-]{subsection.7.3}{Data loading functions}{section.7}% 29
\BOOKMARK [3][-]{subsubsection.7.3.1}{List of functions}{subsection.7.3}% 30
\BOOKMARK [3][-]{subsubsection.7.3.2}{Dependency graph}{subsection.7.3}% 31
\BOOKMARK [1][-]{section.8}{Data editing and pre-processing}{}% 32
\BOOKMARK [2][-]{subsection.8.1}{Selection of time-series}{section.8}% 33
\BOOKMARK [2][-]{subsection.8.2}{Selection data analysis time period}{section.8}% 34
\BOOKMARK [2][-]{subsection.8.3}{Removing missing data}{section.8}% 35
\BOOKMARK [2][-]{subsection.8.4}{Data resampling}{section.8}% 36
\BOOKMARK [2][-]{subsection.8.5}{Time synchronization options}{section.8}% 37
\BOOKMARK [2][-]{subsection.8.6}{Data editing functions}{section.8}% 38
\BOOKMARK [3][-]{subsubsection.8.6.1}{List of functions}{subsection.8.6}% 39
\BOOKMARK [3][-]{subsubsection.8.6.2}{Dependency graph}{subsection.8.6}% 40
\BOOKMARK [1][-]{section.9}{Model configuration}{}% 41
\BOOKMARK [2][-]{subsection.9.1}{Dependencies between time-series}{section.9}% 42
\BOOKMARK [2][-]{subsection.9.2}{Block components}{section.9}% 43
\BOOKMARK [2][-]{subsection.9.3}{Parameter constrains}{section.9}% 44
\BOOKMARK [2][-]{subsection.9.4}{Number of model class}{section.9}% 45
\BOOKMARK [1][-]{section.10}{Examples}{}% 46
\BOOKMARK [2][-]{subsection.10.1}{Example 1}{section.10}% 47
\BOOKMARK [2][-]{subsection.10.2}{Example 2}{section.10}% 48
\BOOKMARK [2][-]{subsection.10.3}{Example 3}{section.10}% 49
\BOOKMARK [2][-]{subsection.10.4}{Example 4}{section.10}% 50
\BOOKMARK [1][-]{section.11}{Troubleshooting}{}% 51
