\BOOKMARK [1][-]{section.1}{Getting started}{}% 1
\BOOKMARK [2][-]{subsection.1.1}{What is OpenBDLM ?}{section.1}% 2
\BOOKMARK [2][-]{subsection.1.2}{Installing OpenBDLM}{section.1}% 3
\BOOKMARK [3][-]{subsubsection.1.2.1}{Prerequisites}{subsection.1.2}% 4
\BOOKMARK [3][-]{subsubsection.1.2.2}{Installation}{subsection.1.2}% 5
\BOOKMARK [2][-]{subsection.1.3}{Starting OpenBDLM}{section.1}% 6
\BOOKMARK [2][-]{subsection.1.4}{Demo}{section.1}% 7
\BOOKMARK [2][-]{subsection.1.5}{OpenBDLM main menu}{section.1}% 8
\BOOKMARK [1][-]{section.2}{Inputs and outputs}{}% 9
\BOOKMARK [2][-]{subsection.2.1}{Inputs}{section.2}% 10
\BOOKMARK [2][-]{subsection.2.2}{Outputs}{section.2}% 11
\BOOKMARK [3][-]{subsubsection.2.2.1}{data}{subsection.2.2}% 12
\BOOKMARK [3][-]{subsubsection.2.2.2}{model}{subsection.2.2}% 13
\BOOKMARK [3][-]{subsubsection.2.2.3}{estimation}{subsection.2.2}% 14
\BOOKMARK [3][-]{subsubsection.2.2.4}{misc}{subsection.2.2}% 15
\BOOKMARK [2][-]{subsection.2.3}{OpenBDLM files types}{section.2}% 16
\BOOKMARK [1][-]{section.3}{Configuration file}{}% 17
\BOOKMARK [2][-]{subsection.3.1}{Project name}{section.3}% 18
\BOOKMARK [2][-]{subsection.3.2}{Data}{section.3}% 19
\BOOKMARK [2][-]{subsection.3.3}{Model structure}{section.3}% 20
\BOOKMARK [2][-]{subsection.3.4}{Model parameters}{section.3}% 21
\BOOKMARK [2][-]{subsection.3.5}{Initial states values}{section.3}% 22
\BOOKMARK [2][-]{subsection.3.6}{Options}{section.3}% 23
\BOOKMARK [1][-]{section.4}{Workflow}{}% 24
\BOOKMARK [2][-]{subsection.4.1}{Data loading}{section.4}% 25
\BOOKMARK [3][-]{subsubsection.4.1.1}{Input data format}{subsection.4.1}% 26
\BOOKMARK [3][-]{subsubsection.4.1.2}{Data loading functions}{subsection.4.1}% 27
\BOOKMARK [2][-]{subsection.4.2}{Data pre-processing}{section.4}% 28
\BOOKMARK [3][-]{subsubsection.4.2.1}{Selection of time series}{subsection.4.2}% 29
\BOOKMARK [3][-]{subsubsection.4.2.2}{Selection of data analysis time-window}{subsection.4.2}% 30
\BOOKMARK [3][-]{subsubsection.4.2.3}{Removing missing data}{subsection.4.2}% 31
\BOOKMARK [3][-]{subsubsection.4.2.4}{Data resampling}{subsection.4.2}% 32
\BOOKMARK [3][-]{subsubsection.4.2.5}{Time synchronization options}{subsection.4.2}% 33
\BOOKMARK [3][-]{subsubsection.4.2.6}{Data pre-processing functions}{subsection.4.2}% 34
\BOOKMARK [2][-]{subsection.4.3}{Model configuration}{section.4}% 35
\BOOKMARK [3][-]{subsubsection.4.3.1}{Dependencies between time series}{subsection.4.3}% 36
\BOOKMARK [3][-]{subsubsection.4.3.2}{Block components}{subsection.4.3}% 37
\BOOKMARK [3][-]{subsubsection.4.3.3}{Parameter constrains}{subsection.4.3}% 38
\BOOKMARK [3][-]{subsubsection.4.3.4}{Number of model class}{subsection.4.3}% 39
\BOOKMARK [3][-]{subsubsection.4.3.5}{Model configuration functions}{subsection.4.3}% 40
\BOOKMARK [2][-]{subsection.4.4}{Model construction}{section.4}% 41
\BOOKMARK [3][-]{subsubsection.4.4.1}{Model construction functions}{subsection.4.4}% 42
\BOOKMARK [2][-]{subsection.4.5}{Model parameters estimation}{section.4}% 43
\BOOKMARK [3][-]{subsubsection.4.5.1}{Model parameter estimation functions}{subsection.4.5}% 44
\BOOKMARK [2][-]{subsection.4.6}{Hidden states estimation}{section.4}% 45
\BOOKMARK [3][-]{subsubsection.4.6.1}{Hidden state estimation functions}{subsection.4.6}% 46
\BOOKMARK [3][-]{subsubsection.4.6.2}{Estimation of the initial hidden states}{subsection.4.6}% 47
\BOOKMARK [1][-]{section.5}{Generate synthetic data}{}% 48
\BOOKMARK [2][-]{subsection.5.1}{Generate synthetic data using the interactive tool}{section.5}% 49
\BOOKMARK [2][-]{subsection.5.2}{Generate synthetic data from an existing project}{section.5}% 50
\BOOKMARK [2][-]{subsection.5.3}{Synthetic data generation functions}{section.5}% 51
\BOOKMARK [1][-]{section.6}{Results}{}% 52
\BOOKMARK [2][-]{subsection.6.1}{Visualizing results}{section.6}% 53
\BOOKMARK [3][-]{subsubsection.6.1.1}{Generating figures at any time}{subsection.6.1}% 54
\BOOKMARK [3][-]{subsubsection.6.1.2}{Saving figures}{subsection.6.1}% 55
\BOOKMARK [2][-]{subsection.6.2}{Exploring results}{section.6}% 56
\BOOKMARK [3][-]{subsubsection.6.2.1}{RES\137*.mat result file}{subsection.6.2}% 57
\BOOKMARK [3][-]{subsubsection.6.2.2}{PROJ\137*.mat project file}{subsection.6.2}% 58
\BOOKMARK [3][-]{subsubsection.6.2.3}{DATA\137*.mat data file}{subsection.6.2}% 59
\BOOKMARK [3][-]{subsubsection.6.2.4}{Exporting results}{subsection.6.2}% 60
\BOOKMARK [1][-]{section.7}{Version control}{}% 61
\BOOKMARK [1][-]{section.8}{Examples}{}% 62
\BOOKMARK [2][-]{subsection.8.1}{Example \0431: single time series analysis}{section.8}% 63
\BOOKMARK [3][-]{subsubsection.8.1.1}{Data description}{subsection.8.1}% 64
\BOOKMARK [3][-]{subsubsection.8.1.2}{Model description}{subsection.8.1}% 65
\BOOKMARK [3][-]{subsubsection.8.1.3}{Run the example from pre-existing configuration file}{subsection.8.1}% 66
\BOOKMARK [3][-]{subsubsection.8.1.4}{Run the example from command line interaction}{subsection.8.1}% 67
\BOOKMARK [2][-]{subsection.8.2}{Example \0432: dependence model between two time series}{section.8}% 68
\BOOKMARK [3][-]{subsubsection.8.2.1}{Data description}{subsection.8.2}% 69
\BOOKMARK [3][-]{subsubsection.8.2.2}{Model description}{subsection.8.2}% 70
\BOOKMARK [3][-]{subsubsection.8.2.3}{Run the example from pre-existing configuration file}{subsection.8.2}% 71
\BOOKMARK [3][-]{subsubsection.8.2.4}{Run the example from command line interaction}{subsection.8.2}% 72
\BOOKMARK [2][-]{subsection.8.3}{Example \0433: time series with anomaly}{section.8}% 73
\BOOKMARK [3][-]{subsubsection.8.3.1}{Data description}{subsection.8.3}% 74
\BOOKMARK [3][-]{subsubsection.8.3.2}{Model description}{subsection.8.3}% 75
\BOOKMARK [3][-]{subsubsection.8.3.3}{Run the example from pre-existing configuration file}{subsection.8.3}% 76
\BOOKMARK [3][-]{subsubsection.8.3.4}{Run the example from command line interaction}{subsection.8.3}% 77
\BOOKMARK [2][-]{subsection.8.4}{Example \0434: single time series analysis with non-harmonic periodic pattern}{section.8}% 78
\BOOKMARK [3][-]{subsubsection.8.4.1}{Data description}{subsection.8.4}% 79
\BOOKMARK [3][-]{subsubsection.8.4.2}{Model description}{subsection.8.4}% 80
\BOOKMARK [3][-]{subsubsection.8.4.3}{Run the example from pre-existing configuration file}{subsection.8.4}% 81
\BOOKMARK [3][-]{subsubsection.8.4.4}{Run the example from command line interaction}{subsection.8.4}% 82
\BOOKMARK [2][-]{subsection.8.5}{Example \0435: generate and analyze synthetic data }{section.8}% 83
\BOOKMARK [3][-]{subsubsection.8.5.1}{Purpose}{subsection.8.5}% 84
\BOOKMARK [3][-]{subsubsection.8.5.2}{Model description}{subsection.8.5}% 85
\BOOKMARK [3][-]{subsubsection.8.5.3}{Run the example from command line interaction}{subsection.8.5}% 86
\BOOKMARK [1][-]{section.9}{FAQ Troubleshooting}{}% 87
\BOOKMARK [1][-]{section.10}{Reference Theory}{}% 88
\BOOKMARK [2][-]{subsection.10.1}{Linear gaussian state-space model}{section.10}% 89
\BOOKMARK [2][-]{subsection.10.2}{Kalman filter \046 UD filters}{section.10}% 90
\BOOKMARK [2][-]{subsection.10.3}{Switching Kalman filter}{section.10}% 91
\BOOKMARK [2][-]{subsection.10.4}{Model parameter estimation}{section.10}% 92
\BOOKMARK [3][-]{subsubsection.10.4.1}{Maximum log A Posteriori \(MAP\)}{subsection.10.4}% 93
\BOOKMARK [3][-]{subsubsection.10.4.2}{Maximum log Likelihood Estimation \(MLE\)}{subsection.10.4}% 94
\BOOKMARK [3][-]{subsubsection.10.4.3}{Laplace Approximation}{subsection.10.4}% 95
\BOOKMARK [3][-]{subsubsection.10.4.4}{Gradient-based optimization}{subsection.10.4}% 96
\BOOKMARK [3][-]{subsubsection.10.4.5}{Model parameter space transformation}{subsection.10.4}% 97
\BOOKMARK [2][-]{subsection.10.5}{Block components}{section.10}% 98
\BOOKMARK [3][-]{subsubsection.10.5.1}{Local level \(baseline\)}{subsection.10.5}% 99
\BOOKMARK [3][-]{subsubsection.10.5.2}{Local trend \(baseline\)}{subsection.10.5}% 100
\BOOKMARK [3][-]{subsubsection.10.5.3}{Local acceleration \(baseline\)}{subsection.10.5}% 101
\BOOKMARK [3][-]{subsubsection.10.5.4}{Local level compatible trend \(baseline\)}{subsection.10.5}% 102
\BOOKMARK [3][-]{subsubsection.10.5.5}{Local level compatible acceleration \(baseline\)}{subsection.10.5}% 103
\BOOKMARK [3][-]{subsubsection.10.5.6}{Local trend compatible acceleration \(baseline\)}{subsection.10.5}% 104
\BOOKMARK [3][-]{subsubsection.10.5.7}{Periodic \(Fourier form\)}{subsection.10.5}% 105
\BOOKMARK [3][-]{subsubsection.10.5.8}{Periodic \(Kernel regression form\)}{subsection.10.5}% 106
\BOOKMARK [3][-]{subsubsection.10.5.9}{First order autoregressive}{subsection.10.5}% 107
\BOOKMARK [2][-]{subsection.10.6}{Handling non-uniform time vector and missing data}{section.10}% 108
\BOOKMARK [3][-]{subsubsection.10.6.1}{Non-uniform time vector}{subsection.10.6}% 109
\BOOKMARK [3][-]{subsubsection.10.6.2}{Missing data \(NaN\)}{subsection.10.6}% 110
\BOOKMARK [2][-]{subsection.10.7}{Dependencies between time series}{section.10}% 111
